2026-03-18T12:40:04.092+05:30  INFO 10764 --- [restartedMain] com.hrm.hrmsystem.HrmsystemApplication   : Starting HrmsystemApplication using Java 17.0.12 with PID 10764 (C:\Users\GCV\Projects\hrmsystem\target\classes started by GCV in C:\Users\GCV\Projects\hrmsystem)
2026-03-18T12:40:04.101+05:30  INFO 10764 --- [restartedMain] com.hrm.hrmsystem.HrmsystemApplication   : No active profile set, falling back to 1 default profile: "default"
2026-03-18T12:40:04.182+05:30  INFO 10764 --- [restartedMain] .e.DevToolsPropertyDefaultsPostProcessor : Devtools property defaults active! Set 'spring.devtools.add-properties' to 'false' to disable
2026-03-18T12:40:04.183+05:30  INFO 10764 --- [restartedMain] .e.DevToolsPropertyDefaultsPostProcessor : For additional web related logging consider setting the 'logging.level.web' property to 'DEBUG'
2026-03-18T12:40:05.691+05:30  INFO 10764 --- [restartedMain] .s.d.r.c.RepositoryConfigurationDelegate : Bootstrapping Spring Data JPA repositories in DEFAULT mode.
2026-03-18T12:40:05.789+05:30  INFO 10764 --- [restartedMain] .s.d.r.c.RepositoryConfigurationDelegate : Finished Spring Data repository scanning in 89 ms. Found 8 JPA repository interfaces.
2026-03-18T12:40:06.866+05:30  INFO 10764 --- [restartedMain] o.s.b.w.embedded.tomcat.TomcatWebServer  : Tomcat initialized with port 8080 (http)
2026-03-18T12:40:06.882+05:30  INFO 10764 --- [restartedMain] o.apache.catalina.core.StandardService   : Starting service [Tomcat]
2026-03-18T12:40:06.882+05:30  INFO 10764 --- [restartedMain] o.apache.catalina.core.StandardEngine    : Starting Servlet engine: [Apache Tomcat/10.1.16]
2026-03-18T12:40:06.945+05:30  INFO 10764 --- [restartedMain] o.a.c.c.C.[Tomcat].[localhost].[/]       : Initializing Spring embedded WebApplicationContext
2026-03-18T12:40:06.945+05:30  INFO 10764 --- [restartedMain] w.s.c.ServletWebServerApplicationContext : Root WebApplicationContext: initialization completed in 2760 ms
2026-03-18T12:40:07.842+05:30  INFO 10764 --- [restartedMain] o.s.o.j.p.SpringPersistenceUnitInfo      : No LoadTimeWeaver setup: ignoring JPA class transformer
2026-03-18T12:40:07.874+05:30  INFO 10764 --- [restartedMain] com.zaxxer.hikari.HikariDataSource       : HikariCP - Starting...
2026-03-18T12:40:08.232+05:30  INFO 10764 --- [restartedMain] com.zaxxer.hikari.pool.HikariPool        : HikariCP - Added connection com.mysql.cj.jdbc.ConnectionImpl@6e8ea295
2026-03-18T12:40:08.234+05:30  INFO 10764 --- [restartedMain] com.zaxxer.hikari.HikariDataSource       : HikariCP - Start completed.
2026-03-18T12:40:08.293+05:30  WARN 10764 --- [restartedMain] org.hibernate.orm.deprecation            : HHH90000025: MySQLDialect does not need to be specified explicitly using 'hibernate.dialect' (remove the property setting and it will be selected by default)
2026-03-18T12:40:09.751+05:30  INFO 10764 --- [restartedMain] j.LocalContainerEntityManagerFactoryBean : Initialized JPA EntityManagerFactory for persistence unit 'default'
2026-03-18T12:40:10.368+05:30  INFO 10764 --- [restartedMain] o.s.d.j.r.query.QueryEnhancerFactory     : Hibernate is in classpath; If applicable, HQL parser will be used.
2026-03-18T12:40:11.585+05:30  INFO 10764 --- [restartedMain] o.s.b.a.w.s.WelcomePageHandlerMapping    : Adding welcome page: class path resource [static/index.html]
2026-03-18T12:40:12.053+05:30  INFO 10764 --- [restartedMain] o.s.b.a.e.web.EndpointLinksResolver      : Exposing 3 endpoint(s) beneath base path '/actuator'
2026-03-18T12:40:12.127+05:30  INFO 10764 --- [restartedMain] o.s.s.web.DefaultSecurityFilterChain     : Will secure any request with [org.springframework.security.web.session.DisableEncodeUrlFilter@853f3c7, org.springframework.security.web.context.request.async.WebAsyncManagerIntegrationFilter@6ea27671, org.springframework.security.web.context.SecurityContextHolderFilter@15de36ad, org.springframework.security.web.header.HeaderWriterFilter@779df2fb, org.springframework.web.filter.CorsFilter@66a1c1c4, org.springframework.web.filter.CorsFilter@46409e76, org.springframework.security.web.authentication.logout.LogoutFilter@23093bff, com.hrm.hrmsystem.config.JwtAuthenticationFilter@75e93d5, org.springframework.security.web.savedrequest.RequestCacheAwareFilter@7f81291c, org.springframework.security.web.servletapi.SecurityContextHolderAwareRequestFilter@72ae34fd, org.springframework.security.web.authentication.AnonymousAuthenticationFilter@519a90b2, org.springframework.security.web.session.SessionManagementFilter@3f8d3cee, org.springframework.security.web.access.ExceptionTranslationFilter@72f178e3, org.springframework.security.web.access.intercept.AuthorizationFilter@18218f51]
2026-03-18T12:40:18.868+05:30  INFO 10764 --- [restartedMain] o.s.b.d.a.OptionalLiveReloadServer       : LiveReload server is running on port 35729
2026-03-18T12:40:19.006+05:30  INFO 10764 --- [restartedMain] o.s.b.w.embedded.tomcat.TomcatWebServer  : Tomcat started on port 8080 (http) with context path ''
2026-03-18T12:40:19.023+05:30  INFO 10764 --- [restartedMain] com.hrm.hrmsystem.HrmsystemApplication   : Started HrmsystemApplication in 15.49 seconds (process running for 16.01)
2026-03-18T12:41:08.474+05:30  INFO 10764 --- [http-nio-8080-exec-1] o.a.c.c.C.[Tomcat].[localhost].[/]       : Initializing Spring DispatcherServlet 'dispatcherServlet'
2026-03-18T12:41:08.510+05:30  WARN 10764 --- [http-nio-8080-exec-1] o.s.w.s.h.HandlerMappingIntrospector     : Cache miss for REQUEST dispatch to '/' (previous null). Performing CorsConfiguration lookup. This is logged once only at WARN level, and every time at TRACE.
2026-03-18T12:41:08.543+05:30  WARN 10764 --- [http-nio-8080-exec-1] o.s.w.s.h.HandlerMappingIntrospector     : Cache miss for REQUEST dispatch to '/' (previous null). Performing MatchableHandlerMapping lookup. This is logged once only at WARN level, and every time at TRACE.
2026-03-18T14:21:11.125+05:30  WARN 10764 --- [HikariCP housekeeper] com.zaxxer.hikari.pool.HikariPool        : HikariCP - Thread starvation or clock leap detected (housekeeper delta=44m1s809ms659µs).
